<?xml version="1.0" encoding="UTF-8" ?>
<testsuite tests="1" failures="1" name="testRunner.testRunnerTest" time="54.54" errors="0" skipped="0">
  <properties>
    <property name="java.runtime.name" value="OpenJDK Runtime Environment"/>
    <property name="java.vm.version" value="15.0.2+7-27"/>
    <property name="sun.boot.library.path" value="/Users/adnan/Library/Java/JavaVirtualMachines/jdk-15.0.2.jdk/Contents/Home/lib"/>
    <property name="maven.multiModuleProjectDirectory" value="/Users/adnan/Desktop/Projects/selenium"/>
    <property name="java.vm.vendor" value="Oracle Corporation"/>
    <property name="java.vendor.url" value="https://java.oracle.com/"/>
    <property name="guice.disable.misplaced.annotation.check" value="true"/>
    <property name="path.separator" value=":"/>
    <property name="java.vm.name" value="OpenJDK 64-Bit Server VM"/>
    <property name="user.country" value="PK"/>
    <property name="sun.java.launcher" value="SUN_STANDARD"/>
    <property name="java.vm.specification.name" value="Java Virtual Machine Specification"/>
    <property name="user.dir" value="/Users/adnan/Desktop/Projects/selenium"/>
    <property name="java.vm.compressedOopsMode" value="Zero based"/>
    <property name="java.runtime.version" value="15.0.2+7-27"/>
    <property name="os.arch" value="x86_64"/>
    <property name="java.io.tmpdir" value="/var/folders/g5/_sr9_ck13514qw0by1j1fjnw0000gq/T/"/>
    <property name="line.separator" value="
"/>
    <property name="java.vm.specification.vendor" value="Oracle Corporation"/>
    <property name="os.name" value="Mac OS X"/>
    <property name="classworlds.conf" value="/Applications/apache-maven-3.8.1/bin/m2.conf"/>
    <property name="sun.jnu.encoding" value="UTF-8"/>
    <property name="java.library.path" value="/Users/adnan/Library/Java/Extensions:/Library/Java/Extensions:/Network/Library/Java/Extensions:/System/Library/Java/Extensions:/usr/lib/java:."/>
    <property name="maven.conf" value="/Applications/apache-maven-3.8.1/conf"/>
    <property name="jdk.debug" value="release"/>
    <property name="java.class.version" value="59.0"/>
    <property name="java.specification.name" value="Java Platform API Specification"/>
    <property name="sun.management.compiler" value="HotSpot 64-Bit Tiered Compilers"/>
    <property name="os.version" value="10.16"/>
    <property name="library.jansi.path" value="/Applications/apache-maven-3.8.1/lib/jansi-native"/>
    <property name="http.nonProxyHosts" value="local|*.local|169.254/16|*.169.254/16"/>
    <property name="user.home" value="/Users/adnan"/>
    <property name="user.timezone" value="Asia/Karachi"/>
    <property name="file.encoding" value="US-ASCII"/>
    <property name="java.specification.version" value="15"/>
    <property name="user.name" value="adnan"/>
    <property name="java.class.path" value="/Applications/apache-maven-3.8.1/boot/plexus-classworlds-2.6.0.jar"/>
    <property name="java.vm.specification.version" value="15"/>
    <property name="sun.arch.data.model" value="64"/>
    <property name="sun.java.command" value="org.codehaus.plexus.classworlds.launcher.Launcher clean install"/>
    <property name="java.home" value="/Users/adnan/Library/Java/JavaVirtualMachines/jdk-15.0.2.jdk/Contents/Home"/>
    <property name="user.language" value="en"/>
    <property name="java.specification.vendor" value="Oracle Corporation"/>
    <property name="java.vm.info" value="mixed mode, sharing"/>
    <property name="java.version" value="15.0.2"/>
    <property name="java.vendor" value="Oracle Corporation"/>
    <property name="maven.home" value="/Applications/apache-maven-3.8.1"/>
    <property name="file.separator" value="/"/>
    <property name="java.version.date" value="2021-01-19"/>
    <property name="java.vendor.url.bug" value="https://bugreport.java.com/bugreport/"/>
    <property name="sun.io.unicode.encoding" value="UnicodeBig"/>
    <property name="sun.cpu.endian" value="little"/>
    <property name="socksNonProxyHosts" value="local|*.local|169.254/16|*.169.254/16"/>
    <property name="ftp.nonProxyHosts" value="local|*.local|169.254/16|*.169.254/16"/>
  </properties>
  <testcase classname="KYC Form functional Tests" name="Submit KYC form with valid data #2" time="54.54">
    <failure message="expected:&lt;[Chiragh - Dashboard Home]&gt; but was:&lt;[Property Auction In Dubai - Chiragh.com]&gt;" type="org.junit.ComparisonFailure">org.junit.ComparisonFailure: expected:&lt;[Chiragh - Dashboard Home]&gt; but was:&lt;[Property Auction In Dubai - Chiragh.com]&gt;
	at org.junit.Assert.assertEquals(Assert.java:117)
	at org.junit.Assert.assertEquals(Assert.java:146)
	at stepDefinitions.steps_loginPage.user_lands_on_profile_dashboard_page(steps_loginPage.java:220)
	at ✽.User lands on Profile Dashboard page(file:///Users/adnan/Desktop/Projects/selenium/src/test/resources/kycPage.feature:50)
</failure>
    <system-out>
@LoginValidation1
Scenario Outline: Submit KYC form with valid data                                 # src/test/resources/kycPage.feature:61
 INFO [main] (steps_loginPage.java:89) - ********************* Opening URL *********************
  Given User is on the login page                                                 # stepDefinitions.steps_loginPage.user_is_on_the_login_page()
 INFO [main] (steps_loginPage.java:126) - ********************* Providing username and password *********************
  When User is providing an email &quot;alia.dnan38@gmail.com&quot; and password &quot;A1122a@@&quot; # stepDefinitions.steps_loginPage.user_is_providing_a_valid_email_and_password(java.lang.String,java.lang.String)
  And clicks on the &quot;Login&quot; button                                                # stepDefinitions.steps_loginPage.clicks_on_the_required_button(java.lang.String)
  And User clicks on profile icon and then username                               # stepDefinitions.steps_loginPage.user_clicks_on_profile_icon_and_then_username()
  And User lands on Profile Dashboard page                                        # stepDefinitions.steps_loginPage.user_lands_on_profile_dashboard_page()
      org.junit.ComparisonFailure: expected:&lt;[Chiragh - Dashboard Home]&gt; but was:&lt;[Property Auction In Dubai - Chiragh.com]&gt;
	at org.junit.Assert.assertEquals(Assert.java:117)
	at org.junit.Assert.assertEquals(Assert.java:146)
	at stepDefinitions.steps_loginPage.user_lands_on_profile_dashboard_page(steps_loginPage.java:220)
	at ���.User lands on Profile Dashboard page(file:///Users/adnan/Desktop/Projects/selenium/src/test/resources/kycPage.feature:50)

  And clicks on profile link                                                      # stepDefinitions.steps_loginPage.clicks_on_profile_link()
  And clicks on KYC application link                                              # stepDefinitions.steps_loginPage.clicks_on_kyc_application_link()
  Then User lands on the KYC application form                                     # stepDefinitions.steps_loginPage.user_lands_on_the_kyc_application_form()
  And provide KYC form details                                                    # stepDefinitions.steps_loginPage.provide_kyc_form_details()
  And click on Submit button                                                      # stepDefinitions.steps_loginPage.click_on_submit_button()
  Then User can see &quot;&quot; as a success message                                       # stepDefinitions.steps_loginPage.user_can_see_as_a_success_message(java.lang.String)
  And Close the browser                                                           # stepDefinitions.steps_loginPage.close_the_browser()
</system-out>
    <system-err>Starting ChromeDriver 89.0.4389.23 (61b08ee2c50024bab004e48d2b1b083cdbdac579-refs/branch-heads/4389@{#294}) on port 36648
Only local connections are allowed.
Please see https://chromedriver.chromium.org/security-considerations for suggestions on keeping ChromeDriver safe.
ChromeDriver was started successfully.
[1619591642.895][WARNING]: This version of ChromeDriver has not been tested with Chrome version 90.
Apr 28, 2021 11:34:03 AM org.openqa.selenium.remote.ProtocolHandshake createSession
INFO: Detected dialect: W3C
</system-err>
  </testcase>
</testsuite>